{"name":"validSignup","status":"failed","statusDetails":{"known":false,"muted":false,"flaky":false,"message":"\nExpected: <200>\n     but: was <500>","trace":"java.lang.AssertionError: \nExpected: <200>\n     but: was <500>\n\tat org.hamcrest.MatcherAssert.assertThat(MatcherAssert.java:18)\n\tat org.hamcrest.MatcherAssert.assertThat(MatcherAssert.java:6)\n\tat invideo.api.tests.SignupTests.assertStatusCode(SignupTests.java:53)\n\tat invideo.api.tests.SignupTests.validSignup(SignupTests.java:23)\n\tat java.base/jdk.internal.reflect.NativeMethodAccessorImpl.invoke0(Native Method)\n\tat java.base/jdk.internal.reflect.NativeMethodAccessorImpl.invoke(NativeMethodAccessorImpl.java:78)\n\tat java.base/jdk.internal.reflect.DelegatingMethodAccessorImpl.invoke(DelegatingMethodAccessorImpl.java:43)\n\tat java.base/java.lang.reflect.Method.invoke(Method.java:567)\n\tat org.testng.internal.MethodInvocationHelper.invokeMethod(MethodInvocationHelper.java:132)\n\tat org.testng.internal.TestInvoker.invokeMethod(TestInvoker.java:599)\n\tat org.testng.internal.TestInvoker.invokeTestMethod(TestInvoker.java:174)\n\tat org.testng.internal.MethodRunner.runInSequence(MethodRunner.java:46)\n\tat org.testng.internal.TestInvoker$MethodInvocationAgent.invoke(TestInvoker.java:822)\n\tat org.testng.internal.TestInvoker.invokeTestMethods(TestInvoker.java:147)\n\tat org.testng.internal.TestMethodWorker.invokeTestMethods(TestMethodWorker.java:146)\n\tat org.testng.internal.TestMethodWorker.run(TestMethodWorker.java:128)\n\tat java.base/java.util.ArrayList.forEach(ArrayList.java:1511)\n\tat org.testng.TestRunner.privateRun(TestRunner.java:764)\n\tat org.testng.TestRunner.run(TestRunner.java:585)\n\tat org.testng.SuiteRunner.runTest(SuiteRunner.java:384)\n\tat org.testng.SuiteRunner.runSequentially(SuiteRunner.java:378)\n\tat org.testng.SuiteRunner.privateRun(SuiteRunner.java:337)\n\tat org.testng.SuiteRunner.run(SuiteRunner.java:286)\n\tat org.testng.SuiteRunnerWorker.runSuite(SuiteRunnerWorker.java:53)\n\tat org.testng.SuiteRunnerWorker.run(SuiteRunnerWorker.java:96)\n\tat org.testng.TestNG.runSuitesSequentially(TestNG.java:1218)\n\tat org.testng.TestNG.runSuitesLocally(TestNG.java:1140)\n\tat org.testng.TestNG.runSuites(TestNG.java:1069)\n\tat org.testng.TestNG.run(TestNG.java:1037)\n\tat com.intellij.rt.testng.IDEARemoteTestNG.run(IDEARemoteTestNG.java:66)\n\tat com.intellij.rt.testng.RemoteTestNGStarter.main(RemoteTestNGStarter.java:109)\n"},"stage":"finished","steps":[{"name":"signuprequestBuilder","status":"passed","stage":"finished","steps":[],"attachments":[],"parameters":[{"name":"fullname","value":"Rafael Luettgen"},{"name":"brand","value":"Vandervort, Wiza and Howell"},{"name":"password","value":"Password-1234"},{"name":"email","value":"Ysu4QR13vh@example.in"},{"name":"phonenumber","value":"(011) 599-1057 x78031"}],"start":1634632385477,"stop":1634632385480},{"name":"post","status":"passed","stage":"finished","steps":[],"attachments":[{"name":"Request","source":"cab06beb-51be-44ca-a132-2b861a4f2aa8-attachment.html","type":"text/html"},{"name":"HTTP/1.1 500 Internal Server Error","source":"0c423b5f-7bfb-498e-915d-824b0a9ea324-attachment.html","type":"text/html"}],"parameters":[{"name":"signuprequest","value":"Signup(fullName=Rafael Luettgen, brandName=Vandervort, Wiza and Howell, email=Ysu4QR13vh@example.in, password=Password-1234, route=invideo, link=https://staging.invideo.io/verify?mash=, phone=(011) 599-1057 x78031, pageSource=https://staging.invideo.io/, buttonPosition=Top Right - Header, firstTouchPoint=/, lastTouchPoint=/, initialRawUrl=https://staging.invideo.io/, deviceId=1S-lO2f6SY1cbimhawuyWB, location=header, recaptchaResponse=qa, teamInvite=true, isInviteLinkUsed=false, teamId=null, teamRole=null, joinedVia=null, isMobile=false, referrer=app, profileDeviceId=1S-lO2f6SY1cbimhawuyWB)"}],"start":1634632385487,"stop":1634632392212},{"name":"assertStatusCode","status":"failed","statusDetails":{"known":false,"muted":false,"flaky":false,"message":"\nExpected: <200>\n     but: was <500>","trace":"java.lang.AssertionError: \nExpected: <200>\n     but: was <500>\n\tat org.hamcrest.MatcherAssert.assertThat(MatcherAssert.java:18)\n\tat org.hamcrest.MatcherAssert.assertThat(MatcherAssert.java:6)\n\tat invideo.api.tests.SignupTests.assertStatusCode(SignupTests.java:53)\n\tat invideo.api.tests.SignupTests.validSignup(SignupTests.java:23)\n\tat java.base/jdk.internal.reflect.NativeMethodAccessorImpl.invoke0(Native Method)\n\tat java.base/jdk.internal.reflect.NativeMethodAccessorImpl.invoke(NativeMethodAccessorImpl.java:78)\n\tat java.base/jdk.internal.reflect.DelegatingMethodAccessorImpl.invoke(DelegatingMethodAccessorImpl.java:43)\n\tat java.base/java.lang.reflect.Method.invoke(Method.java:567)\n\tat org.testng.internal.MethodInvocationHelper.invokeMethod(MethodInvocationHelper.java:132)\n\tat org.testng.internal.TestInvoker.invokeMethod(TestInvoker.java:599)\n\tat org.testng.internal.TestInvoker.invokeTestMethod(TestInvoker.java:174)\n\tat org.testng.internal.MethodRunner.runInSequence(MethodRunner.java:46)\n\tat org.testng.internal.TestInvoker$MethodInvocationAgent.invoke(TestInvoker.java:822)\n\tat org.testng.internal.TestInvoker.invokeTestMethods(TestInvoker.java:147)\n\tat org.testng.internal.TestMethodWorker.invokeTestMethods(TestMethodWorker.java:146)\n\tat org.testng.internal.TestMethodWorker.run(TestMethodWorker.java:128)\n\tat java.base/java.util.ArrayList.forEach(ArrayList.java:1511)\n\tat org.testng.TestRunner.privateRun(TestRunner.java:764)\n\tat org.testng.TestRunner.run(TestRunner.java:585)\n\tat org.testng.SuiteRunner.runTest(SuiteRunner.java:384)\n\tat org.testng.SuiteRunner.runSequentially(SuiteRunner.java:378)\n\tat org.testng.SuiteRunner.privateRun(SuiteRunner.java:337)\n\tat org.testng.SuiteRunner.run(SuiteRunner.java:286)\n\tat org.testng.SuiteRunnerWorker.runSuite(SuiteRunnerWorker.java:53)\n\tat org.testng.SuiteRunnerWorker.run(SuiteRunnerWorker.java:96)\n\tat org.testng.TestNG.runSuitesSequentially(TestNG.java:1218)\n\tat org.testng.TestNG.runSuitesLocally(TestNG.java:1140)\n\tat org.testng.TestNG.runSuites(TestNG.java:1069)\n\tat org.testng.TestNG.run(TestNG.java:1037)\n\tat com.intellij.rt.testng.IDEARemoteTestNG.run(IDEARemoteTestNG.java:66)\n\tat com.intellij.rt.testng.RemoteTestNGStarter.main(RemoteTestNGStarter.java:109)\n"},"stage":"finished","steps":[],"attachments":[],"parameters":[{"name":"actualStatusCode","value":"500"},{"name":"statusCode","value":"CODE_200"}],"start":1634632392213,"stop":1634632392219}],"attachments":[],"parameters":[],"start":1634632385243,"stop":1634632392237,"uuid":"3c1f9994-2b04-4867-9168-eed60401f738","historyId":"d3501ab70c2ba8dcba37f07245536451","fullName":"invideo.api.tests.SignupTests.validSignup","labels":[{"name":"package","value":"invideo.api.tests.SignupTests"},{"name":"testClass","value":"invideo.api.tests.SignupTests"},{"name":"testMethod","value":"validSignup"},{"name":"parentSuite","value":"Default Suite"},{"name":"suite","value":"RestAssuredInvideo"},{"name":"subSuite","value":"invideo.api.tests.SignupTests"},{"name":"host","value":"ashishs-MacBook-Pro.local"},{"name":"thread","value":"33866@ashishs-MacBook-Pro.local.main(1)"},{"name":"framework","value":"testng"},{"name":"language","value":"java"}],"links":[]}