{"name":"validLogin","status":"failed","statusDetails":{"known":false,"muted":false,"flaky":false,"message":"\nExpected: <200>\n     but: was <404>","trace":"java.lang.AssertionError: \nExpected: <200>\n     but: was <404>\n\tat org.hamcrest.MatcherAssert.assertThat(MatcherAssert.java:18)\n\tat org.hamcrest.MatcherAssert.assertThat(MatcherAssert.java:6)\n\tat invideo.api.tests.LoginTests.assertStatusCode(LoginTests.java:36)\n\tat invideo.api.tests.LoginTests.validLogin(LoginTests.java:21)\n\tat java.base/jdk.internal.reflect.NativeMethodAccessorImpl.invoke0(Native Method)\n\tat java.base/jdk.internal.reflect.NativeMethodAccessorImpl.invoke(NativeMethodAccessorImpl.java:78)\n\tat java.base/jdk.internal.reflect.DelegatingMethodAccessorImpl.invoke(DelegatingMethodAccessorImpl.java:43)\n\tat java.base/java.lang.reflect.Method.invoke(Method.java:567)\n\tat org.testng.internal.MethodInvocationHelper.invokeMethod(MethodInvocationHelper.java:132)\n\tat org.testng.internal.TestInvoker.invokeMethod(TestInvoker.java:599)\n\tat org.testng.internal.TestInvoker.invokeTestMethod(TestInvoker.java:174)\n\tat org.testng.internal.MethodRunner.runInSequence(MethodRunner.java:46)\n\tat org.testng.internal.TestInvoker$MethodInvocationAgent.invoke(TestInvoker.java:822)\n\tat org.testng.internal.TestInvoker.invokeTestMethods(TestInvoker.java:147)\n\tat org.testng.internal.TestMethodWorker.invokeTestMethods(TestMethodWorker.java:146)\n\tat org.testng.internal.TestMethodWorker.run(TestMethodWorker.java:128)\n\tat java.base/java.util.ArrayList.forEach(ArrayList.java:1511)\n\tat org.testng.TestRunner.privateRun(TestRunner.java:764)\n\tat org.testng.TestRunner.run(TestRunner.java:585)\n\tat org.testng.SuiteRunner.runTest(SuiteRunner.java:384)\n\tat org.testng.SuiteRunner.runSequentially(SuiteRunner.java:378)\n\tat org.testng.SuiteRunner.privateRun(SuiteRunner.java:337)\n\tat org.testng.SuiteRunner.run(SuiteRunner.java:286)\n\tat org.testng.SuiteRunnerWorker.runSuite(SuiteRunnerWorker.java:53)\n\tat org.testng.SuiteRunnerWorker.run(SuiteRunnerWorker.java:96)\n\tat org.testng.TestNG.runSuitesSequentially(TestNG.java:1218)\n\tat org.testng.TestNG.runSuitesLocally(TestNG.java:1140)\n\tat org.testng.TestNG.runSuites(TestNG.java:1069)\n\tat org.testng.TestNG.run(TestNG.java:1037)\n\tat com.intellij.rt.testng.IDEARemoteTestNG.run(IDEARemoteTestNG.java:66)\n\tat com.intellij.rt.testng.RemoteTestNGStarter.main(RemoteTestNGStarter.java:109)\n"},"stage":"finished","steps":[{"name":"loginrequestBuilder","status":"passed","stage":"finished","steps":[],"attachments":[],"parameters":[{"name":"userid","value":"f3raKGgEDE@example.in"},{"name":"password","value":"Password-1234"}],"start":1634627891919,"stop":1634627891921},{"name":"post","status":"passed","stage":"finished","steps":[],"attachments":[{"name":"Request","source":"e0252c17-10e8-45da-a9ab-60af19944030-attachment.html","type":"text/html"},{"name":"HTTP/1.1 404 Not Found","source":"da8b8fcc-9579-49f4-9129-0d65b66a688d-attachment.html","type":"text/html"}],"parameters":[{"name":"loginRequest","value":"Login(userid=f3raKGgEDE@example.in, password=Password-1234, route=invideo, partnerToken=, referrer=app, profileDeviceId=1S-lO2f6SY1cbimhawuyWB, token=null, tokenExpires=null, email=null, userId=f3raKGgEDE@example.in, firstName=null, lastName=null, phone=null, account=null, id=null, role=null, accountDetails=null, emailArchetype=null, newUser=null)"}],"start":1634627891932,"stop":1634627894807},{"name":"assertStatusCode","status":"failed","statusDetails":{"known":false,"muted":false,"flaky":false,"message":"\nExpected: <200>\n     but: was <404>","trace":"java.lang.AssertionError: \nExpected: <200>\n     but: was <404>\n\tat org.hamcrest.MatcherAssert.assertThat(MatcherAssert.java:18)\n\tat org.hamcrest.MatcherAssert.assertThat(MatcherAssert.java:6)\n\tat invideo.api.tests.LoginTests.assertStatusCode(LoginTests.java:36)\n\tat invideo.api.tests.LoginTests.validLogin(LoginTests.java:21)\n\tat java.base/jdk.internal.reflect.NativeMethodAccessorImpl.invoke0(Native Method)\n\tat java.base/jdk.internal.reflect.NativeMethodAccessorImpl.invoke(NativeMethodAccessorImpl.java:78)\n\tat java.base/jdk.internal.reflect.DelegatingMethodAccessorImpl.invoke(DelegatingMethodAccessorImpl.java:43)\n\tat java.base/java.lang.reflect.Method.invoke(Method.java:567)\n\tat org.testng.internal.MethodInvocationHelper.invokeMethod(MethodInvocationHelper.java:132)\n\tat org.testng.internal.TestInvoker.invokeMethod(TestInvoker.java:599)\n\tat org.testng.internal.TestInvoker.invokeTestMethod(TestInvoker.java:174)\n\tat org.testng.internal.MethodRunner.runInSequence(MethodRunner.java:46)\n\tat org.testng.internal.TestInvoker$MethodInvocationAgent.invoke(TestInvoker.java:822)\n\tat org.testng.internal.TestInvoker.invokeTestMethods(TestInvoker.java:147)\n\tat org.testng.internal.TestMethodWorker.invokeTestMethods(TestMethodWorker.java:146)\n\tat org.testng.internal.TestMethodWorker.run(TestMethodWorker.java:128)\n\tat java.base/java.util.ArrayList.forEach(ArrayList.java:1511)\n\tat org.testng.TestRunner.privateRun(TestRunner.java:764)\n\tat org.testng.TestRunner.run(TestRunner.java:585)\n\tat org.testng.SuiteRunner.runTest(SuiteRunner.java:384)\n\tat org.testng.SuiteRunner.runSequentially(SuiteRunner.java:378)\n\tat org.testng.SuiteRunner.privateRun(SuiteRunner.java:337)\n\tat org.testng.SuiteRunner.run(SuiteRunner.java:286)\n\tat org.testng.SuiteRunnerWorker.runSuite(SuiteRunnerWorker.java:53)\n\tat org.testng.SuiteRunnerWorker.run(SuiteRunnerWorker.java:96)\n\tat org.testng.TestNG.runSuitesSequentially(TestNG.java:1218)\n\tat org.testng.TestNG.runSuitesLocally(TestNG.java:1140)\n\tat org.testng.TestNG.runSuites(TestNG.java:1069)\n\tat org.testng.TestNG.run(TestNG.java:1037)\n\tat com.intellij.rt.testng.IDEARemoteTestNG.run(IDEARemoteTestNG.java:66)\n\tat com.intellij.rt.testng.RemoteTestNGStarter.main(RemoteTestNGStarter.java:109)\n"},"stage":"finished","steps":[],"attachments":[],"parameters":[{"name":"actualStatusCode","value":"404"},{"name":"statusCode","value":"CODE_200"}],"start":1634627894810,"stop":1634627894818}],"attachments":[],"parameters":[],"start":1634627891830,"stop":1634627894832,"uuid":"d5e45499-8816-4da6-80a3-1c2bf2c86367","historyId":"4efaf94c6af2165fc21c6205e8293b2f","fullName":"invideo.api.tests.LoginTests.validLogin","labels":[{"name":"package","value":"invideo.api.tests.LoginTests"},{"name":"testClass","value":"invideo.api.tests.LoginTests"},{"name":"testMethod","value":"validLogin"},{"name":"parentSuite","value":"Default Suite"},{"name":"suite","value":"RestAssuredInvideo"},{"name":"subSuite","value":"invideo.api.tests.LoginTests"},{"name":"host","value":"ashishs-MacBook-Pro.local"},{"name":"thread","value":"33401@ashishs-MacBook-Pro.local.main(1)"},{"name":"framework","value":"testng"},{"name":"language","value":"java"}],"links":[]}